[debug] [2021-12-07T09:51:20.009Z] ----------------------------------------------------------------------
[debug] [2021-12-07T09:51:20.011Z] Command:       C:\Program Files\nodejs\node.exe C:\Users\Rozin\AppData\Roaming\npm\node_modules\firebase-tools\lib\bin\firebase.js init
[debug] [2021-12-07T09:51:20.011Z] CLI Version:   9.23.0
[debug] [2021-12-07T09:51:20.011Z] Platform:      win32
[debug] [2021-12-07T09:51:20.011Z] Node Version:  v16.13.1
[debug] [2021-12-07T09:51:20.012Z] Time:          Tue Dec 07 2021 15:51:20 GMT+0600 (Bangladesh Standard Time)
[debug] [2021-12-07T09:51:20.012Z] ----------------------------------------------------------------------
[debug] 
[debug] [2021-12-07T09:51:20.068Z] > command requires scopes: ["email","openid","https://www.googleapis.com/auth/cloudplatformprojects.readonly","https://www.googleapis.com/auth/firebase","https://www.googleapis.com/auth/cloud-platform"]
[debug] [2021-12-07T09:51:20.068Z] > authorizing via signed-in user (rozinhasan@gmail.com)
[info] 
     ######## #### ########  ######## ########     ###     ######  ########
     ##        ##  ##     ## ##       ##     ##  ##   ##  ##       ##
     ######    ##  ########  ######   ########  #########  ######  ######
     ##        ##  ##    ##  ##       ##     ## ##     ##       ## ##
     ##       #### ##     ## ######## ########  ##     ##  ######  ########

You're about to initialize a Firebase project in this directory:

  D:\react-projects\emp_management

Before we get started, keep in mind:

  * You are initializing within an existing Firebase project directory

